The target system is: Android - 1 - x86_64
The host system is: Linux - 5.19.0-50-generic - x86_64
Detecting C compiler ABI info compiled with the following output:
Change Dir: /home/lev/StudioProjects/zxing-cpp/release/CMakeFiles/CMakeTmp

Run Build Command(s):/usr/bin/gmake -f Makefile cmTC_1ff64/fast && /usr/bin/gmake  -f CMakeFiles/cmTC_1ff64.dir/build.make CMakeFiles/cmTC_1ff64.dir/build
gmake[1]: Entering directory '/home/lev/StudioProjects/zxing-cpp/release/CMakeFiles/CMakeTmp'
Building C object CMakeFiles/cmTC_1ff64.dir/CMakeCCompilerABI.c.o
/home/lev/Android/Sdk/ndk-bundle/android-ndk-r21/toolchains/llvm/prebuilt/linux-x86_64/bin/clang --target=x86_64-none-linux-android21 --gcc-toolchain=/home/lev/Android/Sdk/ndk-bundle/android-ndk-r21/toolchains/llvm/prebuilt/linux-x86_64 --sysroot=/home/lev/Android/Sdk/ndk-bundle/android-ndk-r21/toolchains/llvm/prebuilt/linux-x86_64/sysroot   -g -DANDROID -fdata-sections -ffunction-sections -funwind-tables -fstack-protector-strong -no-canonical-prefixes -D_FORTIFY_SOURCE=2 -Wformat   -fPIE   -v -MD -MT CMakeFiles/cmTC_1ff64.dir/CMakeCCompilerABI.c.o -MF CMakeFiles/cmTC_1ff64.dir/CMakeCCompilerABI.c.o.d -o CMakeFiles/cmTC_1ff64.dir/CMakeCCompilerABI.c.o -c /usr/local/share/cmake-3.24/Modules/CMakeCCompilerABI.c
Android (5900059 based on r365631c) clang version 9.0.8 (https://android.googlesource.com/toolchain/llvm-project 207d7abc1a2abf3ef8d4301736d6a7ebc224a290) (based on LLVM 9.0.8svn)
Target: x86_64-none-linux-android21
Thread model: posix
InstalledDir: /home/lev/Android/Sdk/ndk-bundle/android-ndk-r21/toolchains/llvm/prebuilt/linux-x86_64/bin
Found candidate GCC installation: /home/lev/Android/Sdk/ndk-bundle/android-ndk-r21/toolchains/llvm/prebuilt/linux-x86_64/lib/gcc/i686-linux-android/4.9.x
Found candidate GCC installation: /home/lev/Android/Sdk/ndk-bundle/android-ndk-r21/toolchains/llvm/prebuilt/linux-x86_64/lib/gcc/x86_64-linux-android/4.9.x
Selected GCC installation: /home/lev/Android/Sdk/ndk-bundle/android-ndk-r21/toolchains/llvm/prebuilt/linux-x86_64/lib/gcc/x86_64-linux-android/4.9.x
Candidate multilib: .;@m64
Selected multilib: .;@m64
Found CUDA installation: /usr/local/cuda-11.8, version 7.0
 "/home/lev/Android/Sdk/ndk-bundle/android-ndk-r21/toolchains/llvm/prebuilt/linux-x86_64/bin/clang" -cc1 -triple x86_64-none-linux-android21 -emit-obj -mrelax-all -mnoexecstack -disable-free -disable-llvm-verifier -discard-value-names -main-file-name CMakeCCompilerABI.c -mrelocation-model pic -pic-level 2 -pic-is-pie -mthread-model posix -mdisable-fp-elim -masm-verbose -mconstructor-aliases -munwind-tables -fuse-init-array -target-cpu x86-64 -target-feature +sse4.2 -target-feature +popcnt -target-feature +cx16 -dwarf-column-info -debug-info-kind=limited -dwarf-version=4 -debugger-tuning=gdb -v -ffunction-sections -fdata-sections -coverage-notes-file /home/lev/StudioProjects/zxing-cpp/release/CMakeFiles/CMakeTmp/CMakeFiles/cmTC_1ff64.dir/CMakeCCompilerABI.c.gcno -resource-dir /home/lev/Android/Sdk/ndk-bundle/android-ndk-r21/toolchains/llvm/prebuilt/linux-x86_64/lib64/clang/9.0.8 -dependency-file CMakeFiles/cmTC_1ff64.dir/CMakeCCompilerABI.c.o.d -sys-header-deps -MT CMakeFiles/cmTC_1ff64.dir/CMakeCCompilerABI.c.o -D ANDROID -D _FORTIFY_SOURCE=2 -isysroot /home/lev/Android/Sdk/ndk-bundle/android-ndk-r21/toolchains/llvm/prebuilt/linux-x86_64/sysroot -internal-isystem /home/lev/Android/Sdk/ndk-bundle/android-ndk-r21/toolchains/llvm/prebuilt/linux-x86_64/sysroot/usr/local/include -internal-isystem /home/lev/Android/Sdk/ndk-bundle/android-ndk-r21/toolchains/llvm/prebuilt/linux-x86_64/lib64/clang/9.0.8/include -internal-externc-isystem /home/lev/Android/Sdk/ndk-bundle/android-ndk-r21/toolchains/llvm/prebuilt/linux-x86_64/sysroot/usr/include/x86_64-linux-android -internal-externc-isystem /home/lev/Android/Sdk/ndk-bundle/android-ndk-r21/toolchains/llvm/prebuilt/linux-x86_64/sysroot/include -internal-externc-isystem /home/lev/Android/Sdk/ndk-bundle/android-ndk-r21/toolchains/llvm/prebuilt/linux-x86_64/sysroot/usr/include -Wformat -fdebug-compilation-dir /home/lev/StudioProjects/zxing-cpp/release/CMakeFiles/CMakeTmp -ferror-limit 19 -fmessage-length 0 -stack-protector 2 -fobjc-runtime=gcc -fdiagnostics-show-option -o CMakeFiles/cmTC_1ff64.dir/CMakeCCompilerABI.c.o -x c /usr/local/share/cmake-3.24/Modules/CMakeCCompilerABI.c
clang -cc1 version 9.0.8 based upon LLVM 9.0.8svn default target x86_64-unknown-linux-gnu
ignoring nonexistent directory "/home/lev/Android/Sdk/ndk-bundle/android-ndk-r21/toolchains/llvm/prebuilt/linux-x86_64/sysroot/include"
#include "..." search starts here:
#include <...> search starts here:
 /home/lev/Android/Sdk/ndk-bundle/android-ndk-r21/toolchains/llvm/prebuilt/linux-x86_64/sysroot/usr/local/include
 /home/lev/Android/Sdk/ndk-bundle/android-ndk-r21/toolchains/llvm/prebuilt/linux-x86_64/lib64/clang/9.0.8/include
 /home/lev/Android/Sdk/ndk-bundle/android-ndk-r21/toolchains/llvm/prebuilt/linux-x86_64/sysroot/usr/include/x86_64-linux-android
 /home/lev/Android/Sdk/ndk-bundle/android-ndk-r21/toolchains/llvm/prebuilt/linux-x86_64/sysroot/usr/include
End of search list.
Linking C executable cmTC_1ff64
/usr/local/bin/cmake -E cmake_link_script CMakeFiles/cmTC_1ff64.dir/link.txt --verbose=1
/home/lev/Android/Sdk/ndk-bundle/android-ndk-r21/toolchains/llvm/prebuilt/linux-x86_64/bin/clang --target=x86_64-none-linux-android21 --gcc-toolchain=/home/lev/Android/Sdk/ndk-bundle/android-ndk-r21/toolchains/llvm/prebuilt/linux-x86_64 --sysroot=/home/lev/Android/Sdk/ndk-bundle/android-ndk-r21/toolchains/llvm/prebuilt/linux-x86_64/sysroot -g -DANDROID -fdata-sections -ffunction-sections -funwind-tables -fstack-protector-strong -no-canonical-prefixes -D_FORTIFY_SOURCE=2 -Wformat   -Wl,--exclude-libs,libgcc_real.a -Wl,--exclude-libs,libatomic.a -static-libstdc++ -Wl,--build-id -Wl,--fatal-warnings -Wl,--no-undefined -Qunused-arguments -Wl,--gc-sections  -v CMakeFiles/cmTC_1ff64.dir/CMakeCCompilerABI.c.o -o cmTC_1ff64 
Android (5900059 based on r365631c) clang version 9.0.8 (https://android.googlesource.com/toolchain/llvm-project 207d7abc1a2abf3ef8d4301736d6a7ebc224a290) (based on LLVM 9.0.8svn)
Target: x86_64-none-linux-android21
Thread model: posix
InstalledDir: /home/lev/Android/Sdk/ndk-bundle/android-ndk-r21/toolchains/llvm/prebuilt/linux-x86_64/bin
Found candidate GCC installation: /home/lev/Android/Sdk/ndk-bundle/android-ndk-r21/toolchains/llvm/prebuilt/linux-x86_64/lib/gcc/i686-linux-android/4.9.x
Found candidate GCC installation: /home/lev/Android/Sdk/ndk-bundle/android-ndk-r21/toolchains/llvm/prebuilt/linux-x86_64/lib/gcc/x86_64-linux-android/4.9.x
Selected GCC installation: /home/lev/Android/Sdk/ndk-bundle/android-ndk-r21/toolchains/llvm/prebuilt/linux-x86_64/lib/gcc/x86_64-linux-android/4.9.x
Candidate multilib: .;@m64
Selected multilib: .;@m64
Found CUDA installation: /usr/local/cuda-11.8, version 7.0
 "/home/lev/Android/Sdk/ndk-bundle/android-ndk-r21/toolchains/llvm/prebuilt/linux-x86_64/lib/gcc/x86_64-linux-android/4.9.x/../../../../x86_64-linux-android/bin/ld" --sysroot=/home/lev/Android/Sdk/ndk-bundle/android-ndk-r21/toolchains/llvm/prebuilt/linux-x86_64/sysroot -pie -z noexecstack --warn-shared-textrel -z now -z relro --hash-style=both --enable-new-dtags --eh-frame-hdr -m elf_x86_64 -dynamic-linker /system/bin/linker64 -o cmTC_1ff64 /home/lev/Android/Sdk/ndk-bundle/android-ndk-r21/toolchains/llvm/prebuilt/linux-x86_64/sysroot/usr/lib/x86_64-linux-android/21/crtbegin_dynamic.o -L/home/lev/Android/Sdk/ndk-bundle/android-ndk-r21/toolchains/llvm/prebuilt/linux-x86_64/lib64/clang/9.0.8/lib/linux/x86_64 -L/home/lev/Android/Sdk/ndk-bundle/android-ndk-r21/toolchains/llvm/prebuilt/linux-x86_64/lib/gcc/x86_64-linux-android/4.9.x -L/home/lev/Android/Sdk/ndk-bundle/android-ndk-r21/toolchains/llvm/prebuilt/linux-x86_64/lib/gcc/x86_64-linux-android/4.9.x/../../../../x86_64-linux-android/lib/../lib64 -L/home/lev/Android/Sdk/ndk-bundle/android-ndk-r21/toolchains/llvm/prebuilt/linux-x86_64/sysroot/usr/lib/x86_64-linux-android/21 -L/home/lev/Android/Sdk/ndk-bundle/android-ndk-r21/toolchains/llvm/prebuilt/linux-x86_64/sysroot/usr/lib/x86_64-linux-android -L/home/lev/Android/Sdk/ndk-bundle/android-ndk-r21/toolchains/llvm/prebuilt/linux-x86_64/lib/gcc/x86_64-linux-android/4.9.x/../../../../x86_64-linux-android/lib -L/home/lev/Android/Sdk/ndk-bundle/android-ndk-r21/toolchains/llvm/prebuilt/linux-x86_64/sysroot/usr/lib --exclude-libs libgcc_real.a --exclude-libs libatomic.a --build-id --fatal-warnings --no-undefined --gc-sections CMakeFiles/cmTC_1ff64.dir/CMakeCCompilerABI.c.o -lgcc -ldl -lc -lgcc -ldl /home/lev/Android/Sdk/ndk-bundle/android-ndk-r21/toolchains/llvm/prebuilt/linux-x86_64/sysroot/usr/lib/x86_64-linux-android/21/crtend_android.o
gmake[1]: Leaving directory '/home/lev/StudioProjects/zxing-cpp/release/CMakeFiles/CMakeTmp'



Parsed C implicit include dir info from above output: rv=done
  found start of include info
  found start of implicit include info
    add: [/home/lev/Android/Sdk/ndk-bundle/android-ndk-r21/toolchains/llvm/prebuilt/linux-x86_64/sysroot/usr/local/include]
    add: [/home/lev/Android/Sdk/ndk-bundle/android-ndk-r21/toolchains/llvm/prebuilt/linux-x86_64/lib64/clang/9.0.8/include]
    add: [/home/lev/Android/Sdk/ndk-bundle/android-ndk-r21/toolchains/llvm/prebuilt/linux-x86_64/sysroot/usr/include/x86_64-linux-android]
    add: [/home/lev/Android/Sdk/ndk-bundle/android-ndk-r21/toolchains/llvm/prebuilt/linux-x86_64/sysroot/usr/include]
  end of search list found
  collapse include dir [/home/lev/Android/Sdk/ndk-bundle/android-ndk-r21/toolchains/llvm/prebuilt/linux-x86_64/sysroot/usr/local/include] ==> [/home/lev/Android/Sdk/ndk-bundle/android-ndk-r21/toolchains/llvm/prebuilt/linux-x86_64/sysroot/usr/local/include]
  collapse include dir [/home/lev/Android/Sdk/ndk-bundle/android-ndk-r21/toolchains/llvm/prebuilt/linux-x86_64/lib64/clang/9.0.8/include] ==> [/home/lev/Android/Sdk/ndk-bundle/android-ndk-r21/toolchains/llvm/prebuilt/linux-x86_64/lib64/clang/9.0.8/include]
  collapse include dir [/home/lev/Android/Sdk/ndk-bundle/android-ndk-r21/toolchains/llvm/prebuilt/linux-x86_64/sysroot/usr/include/x86_64-linux-android] ==> [/home/lev/Android/Sdk/ndk-bundle/android-ndk-r21/toolchains/llvm/prebuilt/linux-x86_64/sysroot/usr/include/x86_64-linux-android]
  collapse include dir [/home/lev/Android/Sdk/ndk-bundle/android-ndk-r21/toolchains/llvm/prebuilt/linux-x86_64/sysroot/usr/include] ==> [/home/lev/Android/Sdk/ndk-bundle/android-ndk-r21/toolchains/llvm/prebuilt/linux-x86_64/sysroot/usr/include]
  implicit include dirs: [/home/lev/Android/Sdk/ndk-bundle/android-ndk-r21/toolchains/llvm/prebuilt/linux-x86_64/sysroot/usr/local/include;/home/lev/Android/Sdk/ndk-bundle/android-ndk-r21/toolchains/llvm/prebuilt/linux-x86_64/lib64/clang/9.0.8/include;/home/lev/Android/Sdk/ndk-bundle/android-ndk-r21/toolchains/llvm/prebuilt/linux-x86_64/sysroot/usr/include/x86_64-linux-android;/home/lev/Android/Sdk/ndk-bundle/android-ndk-r21/toolchains/llvm/prebuilt/linux-x86_64/sysroot/usr/include]


Parsed C implicit link information from above output:
  link line regex: [^( *|.*[/\])(ld\.lld|CMAKE_LINK_STARTFILE-NOTFOUND|([^/\]+-)?ld|collect2)[^/\]*( |$)]
  ignore line: [Change Dir: /home/lev/StudioProjects/zxing-cpp/release/CMakeFiles/CMakeTmp]
  ignore line: []
  ignore line: [Run Build Command(s):/usr/bin/gmake -f Makefile cmTC_1ff64/fast && /usr/bin/gmake  -f CMakeFiles/cmTC_1ff64.dir/build.make CMakeFiles/cmTC_1ff64.dir/build]
  ignore line: [gmake[1]: Entering directory '/home/lev/StudioProjects/zxing-cpp/release/CMakeFiles/CMakeTmp']
  ignore line: [Building C object CMakeFiles/cmTC_1ff64.dir/CMakeCCompilerABI.c.o]
  ignore line: [/home/lev/Android/Sdk/ndk-bundle/android-ndk-r21/toolchains/llvm/prebuilt/linux-x86_64/bin/clang --target=x86_64-none-linux-android21 --gcc-toolchain=/home/lev/Android/Sdk/ndk-bundle/android-ndk-r21/toolchains/llvm/prebuilt/linux-x86_64 --sysroot=/home/lev/Android/Sdk/ndk-bundle/android-ndk-r21/toolchains/llvm/prebuilt/linux-x86_64/sysroot   -g -DANDROID -fdata-sections -ffunction-sections -funwind-tables -fstack-protector-strong -no-canonical-prefixes -D_FORTIFY_SOURCE=2 -Wformat   -fPIE   -v -MD -MT CMakeFiles/cmTC_1ff64.dir/CMakeCCompilerABI.c.o -MF CMakeFiles/cmTC_1ff64.dir/CMakeCCompilerABI.c.o.d -o CMakeFiles/cmTC_1ff64.dir/CMakeCCompilerABI.c.o -c /usr/local/share/cmake-3.24/Modules/CMakeCCompilerABI.c]
  ignore line: [Android (5900059 based on r365631c) clang version 9.0.8 (https://android.googlesource.com/toolchain/llvm-project 207d7abc1a2abf3ef8d4301736d6a7ebc224a290) (based on LLVM 9.0.8svn)]
  ignore line: [Target: x86_64-none-linux-android21]
  ignore line: [Thread model: posix]
  ignore line: [InstalledDir: /home/lev/Android/Sdk/ndk-bundle/android-ndk-r21/toolchains/llvm/prebuilt/linux-x86_64/bin]
  ignore line: [Found candidate GCC installation: /home/lev/Android/Sdk/ndk-bundle/android-ndk-r21/toolchains/llvm/prebuilt/linux-x86_64/lib/gcc/i686-linux-android/4.9.x]
  ignore line: [Found candidate GCC installation: /home/lev/Android/Sdk/ndk-bundle/android-ndk-r21/toolchains/llvm/prebuilt/linux-x86_64/lib/gcc/x86_64-linux-android/4.9.x]
  ignore line: [Selected GCC installation: /home/lev/Android/Sdk/ndk-bundle/android-ndk-r21/toolchains/llvm/prebuilt/linux-x86_64/lib/gcc/x86_64-linux-android/4.9.x]
  ignore line: [Candidate multilib: .]
  ignore line: [@m64]
  ignore line: [Selected multilib: .]
  ignore line: [@m64]
  ignore line: [Found CUDA installation: /usr/local/cuda-11.8  version 7.0]
  ignore line: [ "/home/lev/Android/Sdk/ndk-bundle/android-ndk-r21/toolchains/llvm/prebuilt/linux-x86_64/bin/clang" -cc1 -triple x86_64-none-linux-android21 -emit-obj -mrelax-all -mnoexecstack -disable-free -disable-llvm-verifier -discard-value-names -main-file-name CMakeCCompilerABI.c -mrelocation-model pic -pic-level 2 -pic-is-pie -mthread-model posix -mdisable-fp-elim -masm-verbose -mconstructor-aliases -munwind-tables -fuse-init-array -target-cpu x86-64 -target-feature +sse4.2 -target-feature +popcnt -target-feature +cx16 -dwarf-column-info -debug-info-kind=limited -dwarf-version=4 -debugger-tuning=gdb -v -ffunction-sections -fdata-sections -coverage-notes-file /home/lev/StudioProjects/zxing-cpp/release/CMakeFiles/CMakeTmp/CMakeFiles/cmTC_1ff64.dir/CMakeCCompilerABI.c.gcno -resource-dir /home/lev/Android/Sdk/ndk-bundle/android-ndk-r21/toolchains/llvm/prebuilt/linux-x86_64/lib64/clang/9.0.8 -dependency-file CMakeFiles/cmTC_1ff64.dir/CMakeCCompilerABI.c.o.d -sys-header-deps -MT CMakeFiles/cmTC_1ff64.dir/CMakeCCompilerABI.c.o -D ANDROID -D _FORTIFY_SOURCE=2 -isysroot /home/lev/Android/Sdk/ndk-bundle/android-ndk-r21/toolchains/llvm/prebuilt/linux-x86_64/sysroot -internal-isystem /home/lev/Android/Sdk/ndk-bundle/android-ndk-r21/toolchains/llvm/prebuilt/linux-x86_64/sysroot/usr/local/include -internal-isystem /home/lev/Android/Sdk/ndk-bundle/android-ndk-r21/toolchains/llvm/prebuilt/linux-x86_64/lib64/clang/9.0.8/include -internal-externc-isystem /home/lev/Android/Sdk/ndk-bundle/android-ndk-r21/toolchains/llvm/prebuilt/linux-x86_64/sysroot/usr/include/x86_64-linux-android -internal-externc-isystem /home/lev/Android/Sdk/ndk-bundle/android-ndk-r21/toolchains/llvm/prebuilt/linux-x86_64/sysroot/include -internal-externc-isystem /home/lev/Android/Sdk/ndk-bundle/android-ndk-r21/toolchains/llvm/prebuilt/linux-x86_64/sysroot/usr/include -Wformat -fdebug-compilation-dir /home/lev/StudioProjects/zxing-cpp/release/CMakeFiles/CMakeTmp -ferror-limit 19 -fmessage-length 0 -stack-protector 2 -fobjc-runtime=gcc -fdiagnostics-show-option -o CMakeFiles/cmTC_1ff64.dir/CMakeCCompilerABI.c.o -x c /usr/local/share/cmake-3.24/Modules/CMakeCCompilerABI.c]
  ignore line: [clang -cc1 version 9.0.8 based upon LLVM 9.0.8svn default target x86_64-unknown-linux-gnu]
  ignore line: [ignoring nonexistent directory "/home/lev/Android/Sdk/ndk-bundle/android-ndk-r21/toolchains/llvm/prebuilt/linux-x86_64/sysroot/include"]
  ignore line: [#include "..." search starts here:]
  ignore line: [#include <...> search starts here:]
  ignore line: [ /home/lev/Android/Sdk/ndk-bundle/android-ndk-r21/toolchains/llvm/prebuilt/linux-x86_64/sysroot/usr/local/include]
  ignore line: [ /home/lev/Android/Sdk/ndk-bundle/android-ndk-r21/toolchains/llvm/prebuilt/linux-x86_64/lib64/clang/9.0.8/include]
  ignore line: [ /home/lev/Android/Sdk/ndk-bundle/android-ndk-r21/toolchains/llvm/prebuilt/linux-x86_64/sysroot/usr/include/x86_64-linux-android]
  ignore line: [ /home/lev/Android/Sdk/ndk-bundle/android-ndk-r21/toolchains/llvm/prebuilt/linux-x86_64/sysroot/usr/include]
  ignore line: [End of search list.]
  ignore line: [Linking C executable cmTC_1ff64]
  ignore line: [/usr/local/bin/cmake -E cmake_link_script CMakeFiles/cmTC_1ff64.dir/link.txt --verbose=1]
  ignore line: [/home/lev/Android/Sdk/ndk-bundle/android-ndk-r21/toolchains/llvm/prebuilt/linux-x86_64/bin/clang --target=x86_64-none-linux-android21 --gcc-toolchain=/home/lev/Android/Sdk/ndk-bundle/android-ndk-r21/toolchains/llvm/prebuilt/linux-x86_64 --sysroot=/home/lev/Android/Sdk/ndk-bundle/android-ndk-r21/toolchains/llvm/prebuilt/linux-x86_64/sysroot -g -DANDROID -fdata-sections -ffunction-sections -funwind-tables -fstack-protector-strong -no-canonical-prefixes -D_FORTIFY_SOURCE=2 -Wformat   -Wl --exclude-libs libgcc_real.a -Wl --exclude-libs libatomic.a -static-libstdc++ -Wl --build-id -Wl --fatal-warnings -Wl --no-undefined -Qunused-arguments -Wl --gc-sections  -v CMakeFiles/cmTC_1ff64.dir/CMakeCCompilerABI.c.o -o cmTC_1ff64 ]
  ignore line: [Android (5900059 based on r365631c) clang version 9.0.8 (https://android.googlesource.com/toolchain/llvm-project 207d7abc1a2abf3ef8d4301736d6a7ebc224a290) (based on LLVM 9.0.8svn)]
  ignore line: [Target: x86_64-none-linux-android21]
  ignore line: [Thread model: posix]
  ignore line: [InstalledDir: /home/lev/Android/Sdk/ndk-bundle/android-ndk-r21/toolchains/llvm/prebuilt/linux-x86_64/bin]
  ignore line: [Found candidate GCC installation: /home/lev/Android/Sdk/ndk-bundle/android-ndk-r21/toolchains/llvm/prebuilt/linux-x86_64/lib/gcc/i686-linux-android/4.9.x]
  ignore line: [Found candidate GCC installation: /home/lev/Android/Sdk/ndk-bundle/android-ndk-r21/toolchains/llvm/prebuilt/linux-x86_64/lib/gcc/x86_64-linux-android/4.9.x]
  ignore line: [Selected GCC installation: /home/lev/Android/Sdk/ndk-bundle/android-ndk-r21/toolchains/llvm/prebuilt/linux-x86_64/lib/gcc/x86_64-linux-android/4.9.x]
  ignore line: [Candidate multilib: .]
  ignore line: [@m64]
  ignore line: [Selected multilib: .]
  ignore line: [@m64]
  ignore line: [Found CUDA installation: /usr/local/cuda-11.8  version 7.0]
  link line: [ "/home/lev/Android/Sdk/ndk-bundle/android-ndk-r21/toolchains/llvm/prebuilt/linux-x86_64/lib/gcc/x86_64-linux-android/4.9.x/../../../../x86_64-linux-android/bin/ld" --sysroot=/home/lev/Android/Sdk/ndk-bundle/android-ndk-r21/toolchains/llvm/prebuilt/linux-x86_64/sysroot -pie -z noexecstack --warn-shared-textrel -z now -z relro --hash-style=both --enable-new-dtags --eh-frame-hdr -m elf_x86_64 -dynamic-linker /system/bin/linker64 -o cmTC_1ff64 /home/lev/Android/Sdk/ndk-bundle/android-ndk-r21/toolchains/llvm/prebuilt/linux-x86_64/sysroot/usr/lib/x86_64-linux-android/21/crtbegin_dynamic.o -L/home/lev/Android/Sdk/ndk-bundle/android-ndk-r21/toolchains/llvm/prebuilt/linux-x86_64/lib64/clang/9.0.8/lib/linux/x86_64 -L/home/lev/Android/Sdk/ndk-bundle/android-ndk-r21/toolchains/llvm/prebuilt/linux-x86_64/lib/gcc/x86_64-linux-android/4.9.x -L/home/lev/Android/Sdk/ndk-bundle/android-ndk-r21/toolchains/llvm/prebuilt/linux-x86_64/lib/gcc/x86_64-linux-android/4.9.x/../../../../x86_64-linux-android/lib/../lib64 -L/home/lev/Android/Sdk/ndk-bundle/android-ndk-r21/toolchains/llvm/prebuilt/linux-x86_64/sysroot/usr/lib/x86_64-linux-android/21 -L/home/lev/Android/Sdk/ndk-bundle/android-ndk-r21/toolchains/llvm/prebuilt/linux-x86_64/sysroot/usr/lib/x86_64-linux-android -L/home/lev/Android/Sdk/ndk-bundle/android-ndk-r21/toolchains/llvm/prebuilt/linux-x86_64/lib/gcc/x86_64-linux-android/4.9.x/../../../../x86_64-linux-android/lib -L/home/lev/Android/Sdk/ndk-bundle/android-ndk-r21/toolchains/llvm/prebuilt/linux-x86_64/sysroot/usr/lib --exclude-libs libgcc_real.a --exclude-libs libatomic.a --build-id --fatal-warnings --no-undefined --gc-sections CMakeFiles/cmTC_1ff64.dir/CMakeCCompilerABI.c.o -lgcc -ldl -lc -lgcc -ldl /home/lev/Android/Sdk/ndk-bundle/android-ndk-r21/toolchains/llvm/prebuilt/linux-x86_64/sysroot/usr/lib/x86_64-linux-android/21/crtend_android.o]
    arg [/home/lev/Android/Sdk/ndk-bundle/android-ndk-r21/toolchains/llvm/prebuilt/linux-x86_64/lib/gcc/x86_64-linux-android/4.9.x/../../../../x86_64-linux-android/bin/ld] ==> ignore
    arg [--sysroot=/home/lev/Android/Sdk/ndk-bundle/android-ndk-r21/toolchains/llvm/prebuilt/linux-x86_64/sysroot] ==> ignore
    arg [-pie] ==> ignore
    arg [-znoexecstack] ==> ignore
    arg [--warn-shared-textrel] ==> ignore
    arg [-znow] ==> ignore
    arg [-zrelro] ==> ignore
    arg [--hash-style=both] ==> ignore
    arg [--enable-new-dtags] ==> ignore
    arg [--eh-frame-hdr] ==> ignore
    arg [-m] ==> ignore
    arg [elf_x86_64] ==> ignore
    arg [-dynamic-linker] ==> ignore
    arg [/system/bin/linker64] ==> ignore
    arg [-o] ==> ignore
    arg [cmTC_1ff64] ==> ignore
    arg [/home/lev/Android/Sdk/ndk-bundle/android-ndk-r21/toolchains/llvm/prebuilt/linux-x86_64/sysroot/usr/lib/x86_64-linux-android/21/crtbegin_dynamic.o] ==> obj [/home/lev/Android/Sdk/ndk-bundle/android-ndk-r21/toolchains/llvm/prebuilt/linux-x86_64/sysroot/usr/lib/x86_64-linux-android/21/crtbegin_dynamic.o]
    arg [-L/home/lev/Android/Sdk/ndk-bundle/android-ndk-r21/toolchains/llvm/prebuilt/linux-x86_64/lib64/clang/9.0.8/lib/linux/x86_64] ==> dir [/home/lev/Android/Sdk/ndk-bundle/android-ndk-r21/toolchains/llvm/prebuilt/linux-x86_64/lib64/clang/9.0.8/lib/linux/x86_64]
    arg [-L/home/lev/Android/Sdk/ndk-bundle/android-ndk-r21/toolchains/llvm/prebuilt/linux-x86_64/lib/gcc/x86_64-linux-android/4.9.x] ==> dir [/home/lev/Android/Sdk/ndk-bundle/android-ndk-r21/toolchains/llvm/prebuilt/linux-x86_64/lib/gcc/x86_64-linux-android/4.9.x]
    arg [-L/home/lev/Android/Sdk/ndk-bundle/android-ndk-r21/toolchains/llvm/prebuilt/linux-x86_64/lib/gcc/x86_64-linux-android/4.9.x/../../../../x86_64-linux-android/lib/../lib64] ==> dir [/home/lev/Android/Sdk/ndk-bundle/android-ndk-r21/toolchains/llvm/prebuilt/linux-x86_64/lib/gcc/x86_64-linux-android/4.9.x/../../../../x86_64-linux-android/lib/../lib64]
    arg [-L/home/lev/Android/Sdk/ndk-bundle/android-ndk-r21/toolchains/llvm/prebuilt/linux-x86_64/sysroot/usr/lib/x86_64-linux-android/21] ==> dir [/home/lev/Android/Sdk/ndk-bundle/android-ndk-r21/toolchains/llvm/prebuilt/linux-x86_64/sysroot/usr/lib/x86_64-linux-android/21]
    arg [-L/home/lev/Android/Sdk/ndk-bundle/android-ndk-r21/toolchains/llvm/prebuilt/linux-x86_64/sysroot/usr/lib/x86_64-linux-android] ==> dir [/home/lev/Android/Sdk/ndk-bundle/android-ndk-r21/toolchains/llvm/prebuilt/linux-x86_64/sysroot/usr/lib/x86_64-linux-android]
    arg [-L/home/lev/Android/Sdk/ndk-bundle/android-ndk-r21/toolchains/llvm/prebuilt/linux-x86_64/lib/gcc/x86_64-linux-android/4.9.x/../../../../x86_64-linux-android/lib] ==> dir [/home/lev/Android/Sdk/ndk-bundle/android-ndk-r21/toolchains/llvm/prebuilt/linux-x86_64/lib/gcc/x86_64-linux-android/4.9.x/../../../../x86_64-linux-android/lib]
    arg [-L/home/lev/Android/Sdk/ndk-bundle/android-ndk-r21/toolchains/llvm/prebuilt/linux-x86_64/sysroot/usr/lib] ==> dir [/home/lev/Android/Sdk/ndk-bundle/android-ndk-r21/toolchains/llvm/prebuilt/linux-x86_64/sysroot/usr/lib]
    arg [--exclude-libs] ==> ignore
    arg [libgcc_real.a] ==> ignore
    arg [--exclude-libs] ==> ignore
    arg [libatomic.a] ==> ignore
    arg [--build-id] ==> ignore
    arg [--fatal-warnings] ==> ignore
    arg [--no-undefined] ==> ignore
    arg [--gc-sections] ==> ignore
    arg [CMakeFiles/cmTC_1ff64.dir/CMakeCCompilerABI.c.o] ==> ignore
    arg [-lgcc] ==> lib [gcc]
    arg [-ldl] ==> lib [dl]
    arg [-lc] ==> lib [c]
    arg [-lgcc] ==> lib [gcc]
    arg [-ldl] ==> lib [dl]
    arg [/home/lev/Android/Sdk/ndk-bundle/android-ndk-r21/toolchains/llvm/prebuilt/linux-x86_64/sysroot/usr/lib/x86_64-linux-android/21/crtend_android.o] ==> obj [/home/lev/Android/Sdk/ndk-bundle/android-ndk-r21/toolchains/llvm/prebuilt/linux-x86_64/sysroot/usr/lib/x86_64-linux-android/21/crtend_android.o]
  collapse library dir [/home/lev/Android/Sdk/ndk-bundle/android-ndk-r21/toolchains/llvm/prebuilt/linux-x86_64/lib64/clang/9.0.8/lib/linux/x86_64] ==> [/home/lev/Android/Sdk/ndk-bundle/android-ndk-r21/toolchains/llvm/prebuilt/linux-x86_64/lib64/clang/9.0.8/lib/linux/x86_64]
  collapse library dir [/home/lev/Android/Sdk/ndk-bundle/android-ndk-r21/toolchains/llvm/prebuilt/linux-x86_64/lib/gcc/x86_64-linux-android/4.9.x] ==> [/home/lev/Android/Sdk/ndk-bundle/android-ndk-r21/toolchains/llvm/prebuilt/linux-x86_64/lib/gcc/x86_64-linux-android/4.9.x]
  collapse library dir [/home/lev/Android/Sdk/ndk-bundle/android-ndk-r21/toolchains/llvm/prebuilt/linux-x86_64/lib/gcc/x86_64-linux-android/4.9.x/../../../../x86_64-linux-android/lib/../lib64] ==> [/home/lev/Android/Sdk/ndk-bundle/android-ndk-r21/toolchains/llvm/prebuilt/linux-x86_64/x86_64-linux-android/lib64]
  collapse library dir [/home/lev/Android/Sdk/ndk-bundle/android-ndk-r21/toolchains/llvm/prebuilt/linux-x86_64/sysroot/usr/lib/x86_64-linux-android/21] ==> [/home/lev/Android/Sdk/ndk-bundle/android-ndk-r21/toolchains/llvm/prebuilt/linux-x86_64/sysroot/usr/lib/x86_64-linux-android/21]
  collapse library dir [/home/lev/Android/Sdk/ndk-bundle/android-ndk-r21/toolchains/llvm/prebuilt/linux-x86_64/sysroot/usr/lib/x86_64-linux-android] ==> [/home/lev/Android/Sdk/ndk-bundle/android-ndk-r21/toolchains/llvm/prebuilt/linux-x86_64/sysroot/usr/lib/x86_64-linux-android]
  collapse library dir [/home/lev/Android/Sdk/ndk-bundle/android-ndk-r21/toolchains/llvm/prebuilt/linux-x86_64/lib/gcc/x86_64-linux-android/4.9.x/../../../../x86_64-linux-android/lib] ==> [/home/lev/Android/Sdk/ndk-bundle/android-ndk-r21/toolchains/llvm/prebuilt/linux-x86_64/x86_64-linux-android/lib]
  collapse library dir [/home/lev/Android/Sdk/ndk-bundle/android-ndk-r21/toolchains/llvm/prebuilt/linux-x86_64/sysroot/usr/lib] ==> [/home/lev/Android/Sdk/ndk-bundle/android-ndk-r21/toolchains/llvm/prebuilt/linux-x86_64/sysroot/usr/lib]
  implicit libs: [gcc;dl;c;gcc;dl]
  implicit objs: [/home/lev/Android/Sdk/ndk-bundle/android-ndk-r21/toolchains/llvm/prebuilt/linux-x86_64/sysroot/usr/lib/x86_64-linux-android/21/crtbegin_dynamic.o;/home/lev/Android/Sdk/ndk-bundle/android-ndk-r21/toolchains/llvm/prebuilt/linux-x86_64/sysroot/usr/lib/x86_64-linux-android/21/crtend_android.o]
  implicit dirs: [/home/lev/Android/Sdk/ndk-bundle/android-ndk-r21/toolchains/llvm/prebuilt/linux-x86_64/lib64/clang/9.0.8/lib/linux/x86_64;/home/lev/Android/Sdk/ndk-bundle/android-ndk-r21/toolchains/llvm/prebuilt/linux-x86_64/lib/gcc/x86_64-linux-android/4.9.x;/home/lev/Android/Sdk/ndk-bundle/android-ndk-r21/toolchains/llvm/prebuilt/linux-x86_64/x86_64-linux-android/lib64;/home/lev/Android/Sdk/ndk-bundle/android-ndk-r21/toolchains/llvm/prebuilt/linux-x86_64/sysroot/usr/lib/x86_64-linux-android/21;/home/lev/Android/Sdk/ndk-bundle/android-ndk-r21/toolchains/llvm/prebuilt/linux-x86_64/sysroot/usr/lib/x86_64-linux-android;/home/lev/Android/Sdk/ndk-bundle/android-ndk-r21/toolchains/llvm/prebuilt/linux-x86_64/x86_64-linux-android/lib;/home/lev/Android/Sdk/ndk-bundle/android-ndk-r21/toolchains/llvm/prebuilt/linux-x86_64/sysroot/usr/lib]
  implicit fwks: []


Detecting CXX compiler ABI info compiled with the following output:
Change Dir: /home/lev/StudioProjects/zxing-cpp/release/CMakeFiles/CMakeTmp

Run Build Command(s):/usr/bin/gmake -f Makefile cmTC_74b6d/fast && /usr/bin/gmake  -f CMakeFiles/cmTC_74b6d.dir/build.make CMakeFiles/cmTC_74b6d.dir/build
gmake[1]: Entering directory '/home/lev/StudioProjects/zxing-cpp/release/CMakeFiles/CMakeTmp'
Building CXX object CMakeFiles/cmTC_74b6d.dir/CMakeCXXCompilerABI.cpp.o
/home/lev/Android/Sdk/ndk-bundle/android-ndk-r21/toolchains/llvm/prebuilt/linux-x86_64/bin/clang++ --target=x86_64-none-linux-android21 --gcc-toolchain=/home/lev/Android/Sdk/ndk-bundle/android-ndk-r21/toolchains/llvm/prebuilt/linux-x86_64 --sysroot=/home/lev/Android/Sdk/ndk-bundle/android-ndk-r21/toolchains/llvm/prebuilt/linux-x86_64/sysroot   -g -DANDROID -fdata-sections -ffunction-sections -funwind-tables -fstack-protector-strong -no-canonical-prefixes -D_FORTIFY_SOURCE=2 -Wformat    -fPIE   -v -MD -MT CMakeFiles/cmTC_74b6d.dir/CMakeCXXCompilerABI.cpp.o -MF CMakeFiles/cmTC_74b6d.dir/CMakeCXXCompilerABI.cpp.o.d -o CMakeFiles/cmTC_74b6d.dir/CMakeCXXCompilerABI.cpp.o -c /usr/local/share/cmake-3.24/Modules/CMakeCXXCompilerABI.cpp
Android (5900059 based on r365631c) clang version 9.0.8 (https://android.googlesource.com/toolchain/llvm-project 207d7abc1a2abf3ef8d4301736d6a7ebc224a290) (based on LLVM 9.0.8svn)
Target: x86_64-none-linux-android21
Thread model: posix
InstalledDir: /home/lev/Android/Sdk/ndk-bundle/android-ndk-r21/toolchains/llvm/prebuilt/linux-x86_64/bin
Found candidate GCC installation: /home/lev/Android/Sdk/ndk-bundle/android-ndk-r21/toolchains/llvm/prebuilt/linux-x86_64/lib/gcc/i686-linux-android/4.9.x
Found candidate GCC installation: /home/lev/Android/Sdk/ndk-bundle/android-ndk-r21/toolchains/llvm/prebuilt/linux-x86_64/lib/gcc/x86_64-linux-android/4.9.x
Selected GCC installation: /home/lev/Android/Sdk/ndk-bundle/android-ndk-r21/toolchains/llvm/prebuilt/linux-x86_64/lib/gcc/x86_64-linux-android/4.9.x
Candidate multilib: .;@m64
Selected multilib: .;@m64
Found CUDA installation: /usr/local/cuda-11.8, version 7.0
 "/home/lev/Android/Sdk/ndk-bundle/android-ndk-r21/toolchains/llvm/prebuilt/linux-x86_64/bin/clang++" -cc1 -triple x86_64-none-linux-android21 -emit-obj -mrelax-all -mnoexecstack -disable-free -disable-llvm-verifier -discard-value-names -main-file-name CMakeCXXCompilerABI.cpp -mrelocation-model pic -pic-level 2 -pic-is-pie -mthread-model posix -mdisable-fp-elim -masm-verbose -mconstructor-aliases -munwind-tables -fuse-init-array -target-cpu x86-64 -target-feature +sse4.2 -target-feature +popcnt -target-feature +cx16 -dwarf-column-info -debug-info-kind=limited -dwarf-version=4 -debugger-tuning=gdb -v -ffunction-sections -fdata-sections -coverage-notes-file /home/lev/StudioProjects/zxing-cpp/release/CMakeFiles/CMakeTmp/CMakeFiles/cmTC_74b6d.dir/CMakeCXXCompilerABI.cpp.gcno -resource-dir /home/lev/Android/Sdk/ndk-bundle/android-ndk-r21/toolchains/llvm/prebuilt/linux-x86_64/lib64/clang/9.0.8 -dependency-file CMakeFiles/cmTC_74b6d.dir/CMakeCXXCompilerABI.cpp.o.d -sys-header-deps -MT CMakeFiles/cmTC_74b6d.dir/CMakeCXXCompilerABI.cpp.o -D ANDROID -D _FORTIFY_SOURCE=2 -isysroot /home/lev/Android/Sdk/ndk-bundle/android-ndk-r21/toolchains/llvm/prebuilt/linux-x86_64/sysroot -internal-isystem /home/lev/Android/Sdk/ndk-bundle/android-ndk-r21/toolchains/llvm/prebuilt/linux-x86_64/sysroot/usr/include/c++/v1 -internal-isystem /home/lev/Android/Sdk/ndk-bundle/android-ndk-r21/toolchains/llvm/prebuilt/linux-x86_64/sysroot/usr/local/include -internal-isystem /home/lev/Android/Sdk/ndk-bundle/android-ndk-r21/toolchains/llvm/prebuilt/linux-x86_64/lib64/clang/9.0.8/include -internal-externc-isystem /home/lev/Android/Sdk/ndk-bundle/android-ndk-r21/toolchains/llvm/prebuilt/linux-x86_64/sysroot/usr/include/x86_64-linux-android -internal-externc-isystem /home/lev/Android/Sdk/ndk-bundle/android-ndk-r21/toolchains/llvm/prebuilt/linux-x86_64/sysroot/include -internal-externc-isystem /home/lev/Android/Sdk/ndk-bundle/android-ndk-r21/toolchains/llvm/prebuilt/linux-x86_64/sysroot/usr/include -Wformat -fdeprecated-macro -fdebug-compilation-dir /home/lev/StudioProjects/zxing-cpp/release/CMakeFiles/CMakeTmp -ferror-limit 19 -fmessage-length 0 -stack-protector 2 -fobjc-runtime=gcc -fcxx-exceptions -fexceptions -fdiagnostics-show-option -o CMakeFiles/cmTC_74b6d.dir/CMakeCXXCompilerABI.cpp.o -x c++ /usr/local/share/cmake-3.24/Modules/CMakeCXXCompilerABI.cpp
clang -cc1 version 9.0.8 based upon LLVM 9.0.8svn default target x86_64-unknown-linux-gnu
ignoring nonexistent directory "/home/lev/Android/Sdk/ndk-bundle/android-ndk-r21/toolchains/llvm/prebuilt/linux-x86_64/sysroot/include"
#include "..." search starts here:
#include <...> search starts here:
 /home/lev/Android/Sdk/ndk-bundle/android-ndk-r21/toolchains/llvm/prebuilt/linux-x86_64/sysroot/usr/include/c++/v1
 /home/lev/Android/Sdk/ndk-bundle/android-ndk-r21/toolchains/llvm/prebuilt/linux-x86_64/sysroot/usr/local/include
 /home/lev/Android/Sdk/ndk-bundle/android-ndk-r21/toolchains/llvm/prebuilt/linux-x86_64/lib64/clang/9.0.8/include
 /home/lev/Android/Sdk/ndk-bundle/android-ndk-r21/toolchains/llvm/prebuilt/linux-x86_64/sysroot/usr/include/x86_64-linux-android
 /home/lev/Android/Sdk/ndk-bundle/android-ndk-r21/toolchains/llvm/prebuilt/linux-x86_64/sysroot/usr/include
End of search list.
Linking CXX executable cmTC_74b6d
/usr/local/bin/cmake -E cmake_link_script CMakeFiles/cmTC_74b6d.dir/link.txt --verbose=1
/home/lev/Android/Sdk/ndk-bundle/android-ndk-r21/toolchains/llvm/prebuilt/linux-x86_64/bin/clang++ --target=x86_64-none-linux-android21 --gcc-toolchain=/home/lev/Android/Sdk/ndk-bundle/android-ndk-r21/toolchains/llvm/prebuilt/linux-x86_64 --sysroot=/home/lev/Android/Sdk/ndk-bundle/android-ndk-r21/toolchains/llvm/prebuilt/linux-x86_64/sysroot -g -DANDROID -fdata-sections -ffunction-sections -funwind-tables -fstack-protector-strong -no-canonical-prefixes -D_FORTIFY_SOURCE=2 -Wformat    -Wl,--exclude-libs,libgcc_real.a -Wl,--exclude-libs,libatomic.a -static-libstdc++ -Wl,--build-id -Wl,--fatal-warnings -Wl,--no-undefined -Qunused-arguments -Wl,--gc-sections  -v CMakeFiles/cmTC_74b6d.dir/CMakeCXXCompilerABI.cpp.o -o cmTC_74b6d 
Android (5900059 based on r365631c) clang version 9.0.8 (https://android.googlesource.com/toolchain/llvm-project 207d7abc1a2abf3ef8d4301736d6a7ebc224a290) (based on LLVM 9.0.8svn)
Target: x86_64-none-linux-android21
Thread model: posix
InstalledDir: /home/lev/Android/Sdk/ndk-bundle/android-ndk-r21/toolchains/llvm/prebuilt/linux-x86_64/bin
Found candidate GCC installation: /home/lev/Android/Sdk/ndk-bundle/android-ndk-r21/toolchains/llvm/prebuilt/linux-x86_64/lib/gcc/i686-linux-android/4.9.x
Found candidate GCC installation: /home/lev/Android/Sdk/ndk-bundle/android-ndk-r21/toolchains/llvm/prebuilt/linux-x86_64/lib/gcc/x86_64-linux-android/4.9.x
Selected GCC installation: /home/lev/Android/Sdk/ndk-bundle/android-ndk-r21/toolchains/llvm/prebuilt/linux-x86_64/lib/gcc/x86_64-linux-android/4.9.x
Candidate multilib: .;@m64
Selected multilib: .;@m64
Found CUDA installation: /usr/local/cuda-11.8, version 7.0
 "/home/lev/Android/Sdk/ndk-bundle/android-ndk-r21/toolchains/llvm/prebuilt/linux-x86_64/lib/gcc/x86_64-linux-android/4.9.x/../../../../x86_64-linux-android/bin/ld" --sysroot=/home/lev/Android/Sdk/ndk-bundle/android-ndk-r21/toolchains/llvm/prebuilt/linux-x86_64/sysroot -pie -z noexecstack --warn-shared-textrel -z now -z relro --hash-style=both --enable-new-dtags --eh-frame-hdr -m elf_x86_64 -dynamic-linker /system/bin/linker64 -o cmTC_74b6d /home/lev/Android/Sdk/ndk-bundle/android-ndk-r21/toolchains/llvm/prebuilt/linux-x86_64/sysroot/usr/lib/x86_64-linux-android/21/crtbegin_dynamic.o -L/home/lev/Android/Sdk/ndk-bundle/android-ndk-r21/toolchains/llvm/prebuilt/linux-x86_64/lib64/clang/9.0.8/lib/linux/x86_64 -L/home/lev/Android/Sdk/ndk-bundle/android-ndk-r21/toolchains/llvm/prebuilt/linux-x86_64/lib/gcc/x86_64-linux-android/4.9.x -L/home/lev/Android/Sdk/ndk-bundle/android-ndk-r21/toolchains/llvm/prebuilt/linux-x86_64/lib/gcc/x86_64-linux-android/4.9.x/../../../../x86_64-linux-android/lib/../lib64 -L/home/lev/Android/Sdk/ndk-bundle/android-ndk-r21/toolchains/llvm/prebuilt/linux-x86_64/sysroot/usr/lib/x86_64-linux-android/21 -L/home/lev/Android/Sdk/ndk-bundle/android-ndk-r21/toolchains/llvm/prebuilt/linux-x86_64/sysroot/usr/lib/x86_64-linux-android -L/home/lev/Android/Sdk/ndk-bundle/android-ndk-r21/toolchains/llvm/prebuilt/linux-x86_64/lib/gcc/x86_64-linux-android/4.9.x/../../../../x86_64-linux-android/lib -L/home/lev/Android/Sdk/ndk-bundle/android-ndk-r21/toolchains/llvm/prebuilt/linux-x86_64/sysroot/usr/lib --exclude-libs libgcc_real.a --exclude-libs libatomic.a --build-id --fatal-warnings --no-undefined --gc-sections CMakeFiles/cmTC_74b6d.dir/CMakeCXXCompilerABI.cpp.o -Bstatic -lc++ -Bdynamic -lm -lgcc -ldl -lc -lgcc -ldl /home/lev/Android/Sdk/ndk-bundle/android-ndk-r21/toolchains/llvm/prebuilt/linux-x86_64/sysroot/usr/lib/x86_64-linux-android/21/crtend_android.o
gmake[1]: Leaving directory '/home/lev/StudioProjects/zxing-cpp/release/CMakeFiles/CMakeTmp'



Parsed CXX implicit include dir info from above output: rv=done
  found start of include info
  found start of implicit include info
    add: [/home/lev/Android/Sdk/ndk-bundle/android-ndk-r21/toolchains/llvm/prebuilt/linux-x86_64/sysroot/usr/include/c++/v1]
    add: [/home/lev/Android/Sdk/ndk-bundle/android-ndk-r21/toolchains/llvm/prebuilt/linux-x86_64/sysroot/usr/local/include]
    add: [/home/lev/Android/Sdk/ndk-bundle/android-ndk-r21/toolchains/llvm/prebuilt/linux-x86_64/lib64/clang/9.0.8/include]
    add: [/home/lev/Android/Sdk/ndk-bundle/android-ndk-r21/toolchains/llvm/prebuilt/linux-x86_64/sysroot/usr/include/x86_64-linux-android]
    add: [/home/lev/Android/Sdk/ndk-bundle/android-ndk-r21/toolchains/llvm/prebuilt/linux-x86_64/sysroot/usr/include]
  end of search list found
  collapse include dir [/home/lev/Android/Sdk/ndk-bundle/android-ndk-r21/toolchains/llvm/prebuilt/linux-x86_64/sysroot/usr/include/c++/v1] ==> [/home/lev/Android/Sdk/ndk-bundle/android-ndk-r21/toolchains/llvm/prebuilt/linux-x86_64/sysroot/usr/include/c++/v1]
  collapse include dir [/home/lev/Android/Sdk/ndk-bundle/android-ndk-r21/toolchains/llvm/prebuilt/linux-x86_64/sysroot/usr/local/include] ==> [/home/lev/Android/Sdk/ndk-bundle/android-ndk-r21/toolchains/llvm/prebuilt/linux-x86_64/sysroot/usr/local/include]
  collapse include dir [/home/lev/Android/Sdk/ndk-bundle/android-ndk-r21/toolchains/llvm/prebuilt/linux-x86_64/lib64/clang/9.0.8/include] ==> [/home/lev/Android/Sdk/ndk-bundle/android-ndk-r21/toolchains/llvm/prebuilt/linux-x86_64/lib64/clang/9.0.8/include]
  collapse include dir [/home/lev/Android/Sdk/ndk-bundle/android-ndk-r21/toolchains/llvm/prebuilt/linux-x86_64/sysroot/usr/include/x86_64-linux-android] ==> [/home/lev/Android/Sdk/ndk-bundle/android-ndk-r21/toolchains/llvm/prebuilt/linux-x86_64/sysroot/usr/include/x86_64-linux-android]
  collapse include dir [/home/lev/Android/Sdk/ndk-bundle/android-ndk-r21/toolchains/llvm/prebuilt/linux-x86_64/sysroot/usr/include] ==> [/home/lev/Android/Sdk/ndk-bundle/android-ndk-r21/toolchains/llvm/prebuilt/linux-x86_64/sysroot/usr/include]
  implicit include dirs: [/home/lev/Android/Sdk/ndk-bundle/android-ndk-r21/toolchains/llvm/prebuilt/linux-x86_64/sysroot/usr/include/c++/v1;/home/lev/Android/Sdk/ndk-bundle/android-ndk-r21/toolchains/llvm/prebuilt/linux-x86_64/sysroot/usr/local/include;/home/lev/Android/Sdk/ndk-bundle/android-ndk-r21/toolchains/llvm/prebuilt/linux-x86_64/lib64/clang/9.0.8/include;/home/lev/Android/Sdk/ndk-bundle/android-ndk-r21/toolchains/llvm/prebuilt/linux-x86_64/sysroot/usr/include/x86_64-linux-android;/home/lev/Android/Sdk/ndk-bundle/android-ndk-r21/toolchains/llvm/prebuilt/linux-x86_64/sysroot/usr/include]


Parsed CXX implicit link information from above output:
  link line regex: [^( *|.*[/\])(ld\.lld|CMAKE_LINK_STARTFILE-NOTFOUND|([^/\]+-)?ld|collect2)[^/\]*( |$)]
  ignore line: [Change Dir: /home/lev/StudioProjects/zxing-cpp/release/CMakeFiles/CMakeTmp]
  ignore line: []
  ignore line: [Run Build Command(s):/usr/bin/gmake -f Makefile cmTC_74b6d/fast && /usr/bin/gmake  -f CMakeFiles/cmTC_74b6d.dir/build.make CMakeFiles/cmTC_74b6d.dir/build]
  ignore line: [gmake[1]: Entering directory '/home/lev/StudioProjects/zxing-cpp/release/CMakeFiles/CMakeTmp']
  ignore line: [Building CXX object CMakeFiles/cmTC_74b6d.dir/CMakeCXXCompilerABI.cpp.o]
  ignore line: [/home/lev/Android/Sdk/ndk-bundle/android-ndk-r21/toolchains/llvm/prebuilt/linux-x86_64/bin/clang++ --target=x86_64-none-linux-android21 --gcc-toolchain=/home/lev/Android/Sdk/ndk-bundle/android-ndk-r21/toolchains/llvm/prebuilt/linux-x86_64 --sysroot=/home/lev/Android/Sdk/ndk-bundle/android-ndk-r21/toolchains/llvm/prebuilt/linux-x86_64/sysroot   -g -DANDROID -fdata-sections -ffunction-sections -funwind-tables -fstack-protector-strong -no-canonical-prefixes -D_FORTIFY_SOURCE=2 -Wformat    -fPIE   -v -MD -MT CMakeFiles/cmTC_74b6d.dir/CMakeCXXCompilerABI.cpp.o -MF CMakeFiles/cmTC_74b6d.dir/CMakeCXXCompilerABI.cpp.o.d -o CMakeFiles/cmTC_74b6d.dir/CMakeCXXCompilerABI.cpp.o -c /usr/local/share/cmake-3.24/Modules/CMakeCXXCompilerABI.cpp]
  ignore line: [Android (5900059 based on r365631c) clang version 9.0.8 (https://android.googlesource.com/toolchain/llvm-project 207d7abc1a2abf3ef8d4301736d6a7ebc224a290) (based on LLVM 9.0.8svn)]
  ignore line: [Target: x86_64-none-linux-android21]
  ignore line: [Thread model: posix]
  ignore line: [InstalledDir: /home/lev/Android/Sdk/ndk-bundle/android-ndk-r21/toolchains/llvm/prebuilt/linux-x86_64/bin]
  ignore line: [Found candidate GCC installation: /home/lev/Android/Sdk/ndk-bundle/android-ndk-r21/toolchains/llvm/prebuilt/linux-x86_64/lib/gcc/i686-linux-android/4.9.x]
  ignore line: [Found candidate GCC installation: /home/lev/Android/Sdk/ndk-bundle/android-ndk-r21/toolchains/llvm/prebuilt/linux-x86_64/lib/gcc/x86_64-linux-android/4.9.x]
  ignore line: [Selected GCC installation: /home/lev/Android/Sdk/ndk-bundle/android-ndk-r21/toolchains/llvm/prebuilt/linux-x86_64/lib/gcc/x86_64-linux-android/4.9.x]
  ignore line: [Candidate multilib: .]
  ignore line: [@m64]
  ignore line: [Selected multilib: .]
  ignore line: [@m64]
  ignore line: [Found CUDA installation: /usr/local/cuda-11.8  version 7.0]
  ignore line: [ "/home/lev/Android/Sdk/ndk-bundle/android-ndk-r21/toolchains/llvm/prebuilt/linux-x86_64/bin/clang++" -cc1 -triple x86_64-none-linux-android21 -emit-obj -mrelax-all -mnoexecstack -disable-free -disable-llvm-verifier -discard-value-names -main-file-name CMakeCXXCompilerABI.cpp -mrelocation-model pic -pic-level 2 -pic-is-pie -mthread-model posix -mdisable-fp-elim -masm-verbose -mconstructor-aliases -munwind-tables -fuse-init-array -target-cpu x86-64 -target-feature +sse4.2 -target-feature +popcnt -target-feature +cx16 -dwarf-column-info -debug-info-kind=limited -dwarf-version=4 -debugger-tuning=gdb -v -ffunction-sections -fdata-sections -coverage-notes-file /home/lev/StudioProjects/zxing-cpp/release/CMakeFiles/CMakeTmp/CMakeFiles/cmTC_74b6d.dir/CMakeCXXCompilerABI.cpp.gcno -resource-dir /home/lev/Android/Sdk/ndk-bundle/android-ndk-r21/toolchains/llvm/prebuilt/linux-x86_64/lib64/clang/9.0.8 -dependency-file CMakeFiles/cmTC_74b6d.dir/CMakeCXXCompilerABI.cpp.o.d -sys-header-deps -MT CMakeFiles/cmTC_74b6d.dir/CMakeCXXCompilerABI.cpp.o -D ANDROID -D _FORTIFY_SOURCE=2 -isysroot /home/lev/Android/Sdk/ndk-bundle/android-ndk-r21/toolchains/llvm/prebuilt/linux-x86_64/sysroot -internal-isystem /home/lev/Android/Sdk/ndk-bundle/android-ndk-r21/toolchains/llvm/prebuilt/linux-x86_64/sysroot/usr/include/c++/v1 -internal-isystem /home/lev/Android/Sdk/ndk-bundle/android-ndk-r21/toolchains/llvm/prebuilt/linux-x86_64/sysroot/usr/local/include -internal-isystem /home/lev/Android/Sdk/ndk-bundle/android-ndk-r21/toolchains/llvm/prebuilt/linux-x86_64/lib64/clang/9.0.8/include -internal-externc-isystem /home/lev/Android/Sdk/ndk-bundle/android-ndk-r21/toolchains/llvm/prebuilt/linux-x86_64/sysroot/usr/include/x86_64-linux-android -internal-externc-isystem /home/lev/Android/Sdk/ndk-bundle/android-ndk-r21/toolchains/llvm/prebuilt/linux-x86_64/sysroot/include -internal-externc-isystem /home/lev/Android/Sdk/ndk-bundle/android-ndk-r21/toolchains/llvm/prebuilt/linux-x86_64/sysroot/usr/include -Wformat -fdeprecated-macro -fdebug-compilation-dir /home/lev/StudioProjects/zxing-cpp/release/CMakeFiles/CMakeTmp -ferror-limit 19 -fmessage-length 0 -stack-protector 2 -fobjc-runtime=gcc -fcxx-exceptions -fexceptions -fdiagnostics-show-option -o CMakeFiles/cmTC_74b6d.dir/CMakeCXXCompilerABI.cpp.o -x c++ /usr/local/share/cmake-3.24/Modules/CMakeCXXCompilerABI.cpp]
  ignore line: [clang -cc1 version 9.0.8 based upon LLVM 9.0.8svn default target x86_64-unknown-linux-gnu]
  ignore line: [ignoring nonexistent directory "/home/lev/Android/Sdk/ndk-bundle/android-ndk-r21/toolchains/llvm/prebuilt/linux-x86_64/sysroot/include"]
  ignore line: [#include "..." search starts here:]
  ignore line: [#include <...> search starts here:]
  ignore line: [ /home/lev/Android/Sdk/ndk-bundle/android-ndk-r21/toolchains/llvm/prebuilt/linux-x86_64/sysroot/usr/include/c++/v1]
  ignore line: [ /home/lev/Android/Sdk/ndk-bundle/android-ndk-r21/toolchains/llvm/prebuilt/linux-x86_64/sysroot/usr/local/include]
  ignore line: [ /home/lev/Android/Sdk/ndk-bundle/android-ndk-r21/toolchains/llvm/prebuilt/linux-x86_64/lib64/clang/9.0.8/include]
  ignore line: [ /home/lev/Android/Sdk/ndk-bundle/android-ndk-r21/toolchains/llvm/prebuilt/linux-x86_64/sysroot/usr/include/x86_64-linux-android]
  ignore line: [ /home/lev/Android/Sdk/ndk-bundle/android-ndk-r21/toolchains/llvm/prebuilt/linux-x86_64/sysroot/usr/include]
  ignore line: [End of search list.]
  ignore line: [Linking CXX executable cmTC_74b6d]
  ignore line: [/usr/local/bin/cmake -E cmake_link_script CMakeFiles/cmTC_74b6d.dir/link.txt --verbose=1]
  ignore line: [/home/lev/Android/Sdk/ndk-bundle/android-ndk-r21/toolchains/llvm/prebuilt/linux-x86_64/bin/clang++ --target=x86_64-none-linux-android21 --gcc-toolchain=/home/lev/Android/Sdk/ndk-bundle/android-ndk-r21/toolchains/llvm/prebuilt/linux-x86_64 --sysroot=/home/lev/Android/Sdk/ndk-bundle/android-ndk-r21/toolchains/llvm/prebuilt/linux-x86_64/sysroot -g -DANDROID -fdata-sections -ffunction-sections -funwind-tables -fstack-protector-strong -no-canonical-prefixes -D_FORTIFY_SOURCE=2 -Wformat    -Wl --exclude-libs libgcc_real.a -Wl --exclude-libs libatomic.a -static-libstdc++ -Wl --build-id -Wl --fatal-warnings -Wl --no-undefined -Qunused-arguments -Wl --gc-sections  -v CMakeFiles/cmTC_74b6d.dir/CMakeCXXCompilerABI.cpp.o -o cmTC_74b6d ]
  ignore line: [Android (5900059 based on r365631c) clang version 9.0.8 (https://android.googlesource.com/toolchain/llvm-project 207d7abc1a2abf3ef8d4301736d6a7ebc224a290) (based on LLVM 9.0.8svn)]
  ignore line: [Target: x86_64-none-linux-android21]
  ignore line: [Thread model: posix]
  ignore line: [InstalledDir: /home/lev/Android/Sdk/ndk-bundle/android-ndk-r21/toolchains/llvm/prebuilt/linux-x86_64/bin]
  ignore line: [Found candidate GCC installation: /home/lev/Android/Sdk/ndk-bundle/android-ndk-r21/toolchains/llvm/prebuilt/linux-x86_64/lib/gcc/i686-linux-android/4.9.x]
  ignore line: [Found candidate GCC installation: /home/lev/Android/Sdk/ndk-bundle/android-ndk-r21/toolchains/llvm/prebuilt/linux-x86_64/lib/gcc/x86_64-linux-android/4.9.x]
  ignore line: [Selected GCC installation: /home/lev/Android/Sdk/ndk-bundle/android-ndk-r21/toolchains/llvm/prebuilt/linux-x86_64/lib/gcc/x86_64-linux-android/4.9.x]
  ignore line: [Candidate multilib: .]
  ignore line: [@m64]
  ignore line: [Selected multilib: .]
  ignore line: [@m64]
  ignore line: [Found CUDA installation: /usr/local/cuda-11.8  version 7.0]
  link line: [ "/home/lev/Android/Sdk/ndk-bundle/android-ndk-r21/toolchains/llvm/prebuilt/linux-x86_64/lib/gcc/x86_64-linux-android/4.9.x/../../../../x86_64-linux-android/bin/ld" --sysroot=/home/lev/Android/Sdk/ndk-bundle/android-ndk-r21/toolchains/llvm/prebuilt/linux-x86_64/sysroot -pie -z noexecstack --warn-shared-textrel -z now -z relro --hash-style=both --enable-new-dtags --eh-frame-hdr -m elf_x86_64 -dynamic-linker /system/bin/linker64 -o cmTC_74b6d /home/lev/Android/Sdk/ndk-bundle/android-ndk-r21/toolchains/llvm/prebuilt/linux-x86_64/sysroot/usr/lib/x86_64-linux-android/21/crtbegin_dynamic.o -L/home/lev/Android/Sdk/ndk-bundle/android-ndk-r21/toolchains/llvm/prebuilt/linux-x86_64/lib64/clang/9.0.8/lib/linux/x86_64 -L/home/lev/Android/Sdk/ndk-bundle/android-ndk-r21/toolchains/llvm/prebuilt/linux-x86_64/lib/gcc/x86_64-linux-android/4.9.x -L/home/lev/Android/Sdk/ndk-bundle/android-ndk-r21/toolchains/llvm/prebuilt/linux-x86_64/lib/gcc/x86_64-linux-android/4.9.x/../../../../x86_64-linux-android/lib/../lib64 -L/home/lev/Android/Sdk/ndk-bundle/android-ndk-r21/toolchains/llvm/prebuilt/linux-x86_64/sysroot/usr/lib/x86_64-linux-android/21 -L/home/lev/Android/Sdk/ndk-bundle/android-ndk-r21/toolchains/llvm/prebuilt/linux-x86_64/sysroot/usr/lib/x86_64-linux-android -L/home/lev/Android/Sdk/ndk-bundle/android-ndk-r21/toolchains/llvm/prebuilt/linux-x86_64/lib/gcc/x86_64-linux-android/4.9.x/../../../../x86_64-linux-android/lib -L/home/lev/Android/Sdk/ndk-bundle/android-ndk-r21/toolchains/llvm/prebuilt/linux-x86_64/sysroot/usr/lib --exclude-libs libgcc_real.a --exclude-libs libatomic.a --build-id --fatal-warnings --no-undefined --gc-sections CMakeFiles/cmTC_74b6d.dir/CMakeCXXCompilerABI.cpp.o -Bstatic -lc++ -Bdynamic -lm -lgcc -ldl -lc -lgcc -ldl /home/lev/Android/Sdk/ndk-bundle/android-ndk-r21/toolchains/llvm/prebuilt/linux-x86_64/sysroot/usr/lib/x86_64-linux-android/21/crtend_android.o]
    arg [/home/lev/Android/Sdk/ndk-bundle/android-ndk-r21/toolchains/llvm/prebuilt/linux-x86_64/lib/gcc/x86_64-linux-android/4.9.x/../../../../x86_64-linux-android/bin/ld] ==> ignore
    arg [--sysroot=/home/lev/Android/Sdk/ndk-bundle/android-ndk-r21/toolchains/llvm/prebuilt/linux-x86_64/sysroot] ==> ignore
    arg [-pie] ==> ignore
    arg [-znoexecstack] ==> ignore
    arg [--warn-shared-textrel] ==> ignore
    arg [-znow] ==> ignore
    arg [-zrelro] ==> ignore
    arg [--hash-style=both] ==> ignore
    arg [--enable-new-dtags] ==> ignore
    arg [--eh-frame-hdr] ==> ignore
    arg [-m] ==> ignore
    arg [elf_x86_64] ==> ignore
    arg [-dynamic-linker] ==> ignore
    arg [/system/bin/linker64] ==> ignore
    arg [-o] ==> ignore
    arg [cmTC_74b6d] ==> ignore
    arg [/home/lev/Android/Sdk/ndk-bundle/android-ndk-r21/toolchains/llvm/prebuilt/linux-x86_64/sysroot/usr/lib/x86_64-linux-android/21/crtbegin_dynamic.o] ==> obj [/home/lev/Android/Sdk/ndk-bundle/android-ndk-r21/toolchains/llvm/prebuilt/linux-x86_64/sysroot/usr/lib/x86_64-linux-android/21/crtbegin_dynamic.o]
    arg [-L/home/lev/Android/Sdk/ndk-bundle/android-ndk-r21/toolchains/llvm/prebuilt/linux-x86_64/lib64/clang/9.0.8/lib/linux/x86_64] ==> dir [/home/lev/Android/Sdk/ndk-bundle/android-ndk-r21/toolchains/llvm/prebuilt/linux-x86_64/lib64/clang/9.0.8/lib/linux/x86_64]
    arg [-L/home/lev/Android/Sdk/ndk-bundle/android-ndk-r21/toolchains/llvm/prebuilt/linux-x86_64/lib/gcc/x86_64-linux-android/4.9.x] ==> dir [/home/lev/Android/Sdk/ndk-bundle/android-ndk-r21/toolchains/llvm/prebuilt/linux-x86_64/lib/gcc/x86_64-linux-android/4.9.x]
    arg [-L/home/lev/Android/Sdk/ndk-bundle/android-ndk-r21/toolchains/llvm/prebuilt/linux-x86_64/lib/gcc/x86_64-linux-android/4.9.x/../../../../x86_64-linux-android/lib/../lib64] ==> dir [/home/lev/Android/Sdk/ndk-bundle/android-ndk-r21/toolchains/llvm/prebuilt/linux-x86_64/lib/gcc/x86_64-linux-android/4.9.x/../../../../x86_64-linux-android/lib/../lib64]
    arg [-L/home/lev/Android/Sdk/ndk-bundle/android-ndk-r21/toolchains/llvm/prebuilt/linux-x86_64/sysroot/usr/lib/x86_64-linux-android/21] ==> dir [/home/lev/Android/Sdk/ndk-bundle/android-ndk-r21/toolchains/llvm/prebuilt/linux-x86_64/sysroot/usr/lib/x86_64-linux-android/21]
    arg [-L/home/lev/Android/Sdk/ndk-bundle/android-ndk-r21/toolchains/llvm/prebuilt/linux-x86_64/sysroot/usr/lib/x86_64-linux-android] ==> dir [/home/lev/Android/Sdk/ndk-bundle/android-ndk-r21/toolchains/llvm/prebuilt/linux-x86_64/sysroot/usr/lib/x86_64-linux-android]
    arg [-L/home/lev/Android/Sdk/ndk-bundle/android-ndk-r21/toolchains/llvm/prebuilt/linux-x86_64/lib/gcc/x86_64-linux-android/4.9.x/../../../../x86_64-linux-android/lib] ==> dir [/home/lev/Android/Sdk/ndk-bundle/android-ndk-r21/toolchains/llvm/prebuilt/linux-x86_64/lib/gcc/x86_64-linux-android/4.9.x/../../../../x86_64-linux-android/lib]
    arg [-L/home/lev/Android/Sdk/ndk-bundle/android-ndk-r21/toolchains/llvm/prebuilt/linux-x86_64/sysroot/usr/lib] ==> dir [/home/lev/Android/Sdk/ndk-bundle/android-ndk-r21/toolchains/llvm/prebuilt/linux-x86_64/sysroot/usr/lib]
    arg [--exclude-libs] ==> ignore
    arg [libgcc_real.a] ==> ignore
    arg [--exclude-libs] ==> ignore
    arg [libatomic.a] ==> ignore
    arg [--build-id] ==> ignore
    arg [--fatal-warnings] ==> ignore
    arg [--no-undefined] ==> ignore
    arg [--gc-sections] ==> ignore
    arg [CMakeFiles/cmTC_74b6d.dir/CMakeCXXCompilerABI.cpp.o] ==> ignore
    arg [-Bstatic] ==> search static
    arg [-lc++] ==> lib [c++]
    arg [-Bdynamic] ==> search dynamic
    arg [-lm] ==> lib [m]
    arg [-lgcc] ==> lib [gcc]
    arg [-ldl] ==> lib [dl]
    arg [-lc] ==> lib [c]
    arg [-lgcc] ==> lib [gcc]
    arg [-ldl] ==> lib [dl]
    arg [/home/lev/Android/Sdk/ndk-bundle/android-ndk-r21/toolchains/llvm/prebuilt/linux-x86_64/sysroot/usr/lib/x86_64-linux-android/21/crtend_android.o] ==> obj [/home/lev/Android/Sdk/ndk-bundle/android-ndk-r21/toolchains/llvm/prebuilt/linux-x86_64/sysroot/usr/lib/x86_64-linux-android/21/crtend_android.o]
  collapse library dir [/home/lev/Android/Sdk/ndk-bundle/android-ndk-r21/toolchains/llvm/prebuilt/linux-x86_64/lib64/clang/9.0.8/lib/linux/x86_64] ==> [/home/lev/Android/Sdk/ndk-bundle/android-ndk-r21/toolchains/llvm/prebuilt/linux-x86_64/lib64/clang/9.0.8/lib/linux/x86_64]
  collapse library dir [/home/lev/Android/Sdk/ndk-bundle/android-ndk-r21/toolchains/llvm/prebuilt/linux-x86_64/lib/gcc/x86_64-linux-android/4.9.x] ==> [/home/lev/Android/Sdk/ndk-bundle/android-ndk-r21/toolchains/llvm/prebuilt/linux-x86_64/lib/gcc/x86_64-linux-android/4.9.x]
  collapse library dir [/home/lev/Android/Sdk/ndk-bundle/android-ndk-r21/toolchains/llvm/prebuilt/linux-x86_64/lib/gcc/x86_64-linux-android/4.9.x/../../../../x86_64-linux-android/lib/../lib64] ==> [/home/lev/Android/Sdk/ndk-bundle/android-ndk-r21/toolchains/llvm/prebuilt/linux-x86_64/x86_64-linux-android/lib64]
  collapse library dir [/home/lev/Android/Sdk/ndk-bundle/android-ndk-r21/toolchains/llvm/prebuilt/linux-x86_64/sysroot/usr/lib/x86_64-linux-android/21] ==> [/home/lev/Android/Sdk/ndk-bundle/android-ndk-r21/toolchains/llvm/prebuilt/linux-x86_64/sysroot/usr/lib/x86_64-linux-android/21]
  collapse library dir [/home/lev/Android/Sdk/ndk-bundle/android-ndk-r21/toolchains/llvm/prebuilt/linux-x86_64/sysroot/usr/lib/x86_64-linux-android] ==> [/home/lev/Android/Sdk/ndk-bundle/android-ndk-r21/toolchains/llvm/prebuilt/linux-x86_64/sysroot/usr/lib/x86_64-linux-android]
  collapse library dir [/home/lev/Android/Sdk/ndk-bundle/android-ndk-r21/toolchains/llvm/prebuilt/linux-x86_64/lib/gcc/x86_64-linux-android/4.9.x/../../../../x86_64-linux-android/lib] ==> [/home/lev/Android/Sdk/ndk-bundle/android-ndk-r21/toolchains/llvm/prebuilt/linux-x86_64/x86_64-linux-android/lib]
  collapse library dir [/home/lev/Android/Sdk/ndk-bundle/android-ndk-r21/toolchains/llvm/prebuilt/linux-x86_64/sysroot/usr/lib] ==> [/home/lev/Android/Sdk/ndk-bundle/android-ndk-r21/toolchains/llvm/prebuilt/linux-x86_64/sysroot/usr/lib]
  implicit libs: [c++;m;gcc;dl;c;gcc;dl]
  implicit objs: [/home/lev/Android/Sdk/ndk-bundle/android-ndk-r21/toolchains/llvm/prebuilt/linux-x86_64/sysroot/usr/lib/x86_64-linux-android/21/crtbegin_dynamic.o;/home/lev/Android/Sdk/ndk-bundle/android-ndk-r21/toolchains/llvm/prebuilt/linux-x86_64/sysroot/usr/lib/x86_64-linux-android/21/crtend_android.o]
  implicit dirs: [/home/lev/Android/Sdk/ndk-bundle/android-ndk-r21/toolchains/llvm/prebuilt/linux-x86_64/lib64/clang/9.0.8/lib/linux/x86_64;/home/lev/Android/Sdk/ndk-bundle/android-ndk-r21/toolchains/llvm/prebuilt/linux-x86_64/lib/gcc/x86_64-linux-android/4.9.x;/home/lev/Android/Sdk/ndk-bundle/android-ndk-r21/toolchains/llvm/prebuilt/linux-x86_64/x86_64-linux-android/lib64;/home/lev/Android/Sdk/ndk-bundle/android-ndk-r21/toolchains/llvm/prebuilt/linux-x86_64/sysroot/usr/lib/x86_64-linux-android/21;/home/lev/Android/Sdk/ndk-bundle/android-ndk-r21/toolchains/llvm/prebuilt/linux-x86_64/sysroot/usr/lib/x86_64-linux-android;/home/lev/Android/Sdk/ndk-bundle/android-ndk-r21/toolchains/llvm/prebuilt/linux-x86_64/x86_64-linux-android/lib;/home/lev/Android/Sdk/ndk-bundle/android-ndk-r21/toolchains/llvm/prebuilt/linux-x86_64/sysroot/usr/lib]
  implicit fwks: []


