Performing C SOURCE FILE Test CMAKE_HAVE_LIBC_PTHREAD failed with the following output:
Change Dir: /home/lev/StudioProjects/zxing-cpp/release/CMakeFiles/CMakeTmp

Run Build Command(s):/usr/bin/gmake -f Makefile cmTC_25c25/fast && /usr/bin/gmake  -f CMakeFiles/cmTC_25c25.dir/build.make CMakeFiles/cmTC_25c25.dir/build
gmake[1]: Entering directory '/home/lev/StudioProjects/zxing-cpp/release/CMakeFiles/CMakeTmp'
Building C object CMakeFiles/cmTC_25c25.dir/src.c.o
/home/lev/Android/Sdk/ndk-bundle/android-ndk-r21/toolchains/llvm/prebuilt/linux-x86_64/bin/clang --target=x86_64-none-linux-android21 --gcc-toolchain=/home/lev/Android/Sdk/ndk-bundle/android-ndk-r21/toolchains/llvm/prebuilt/linux-x86_64 --sysroot=/home/lev/Android/Sdk/ndk-bundle/android-ndk-r21/toolchains/llvm/prebuilt/linux-x86_64/sysroot -DCMAKE_HAVE_LIBC_PTHREAD  -g -DANDROID -fdata-sections -ffunction-sections -funwind-tables -fstack-protector-strong -no-canonical-prefixes -D_FORTIFY_SOURCE=2 -Wformat -Werror=format-security   -fPIE -MD -MT CMakeFiles/cmTC_25c25.dir/src.c.o -MF CMakeFiles/cmTC_25c25.dir/src.c.o.d -o CMakeFiles/cmTC_25c25.dir/src.c.o -c /home/lev/StudioProjects/zxing-cpp/release/CMakeFiles/CMakeTmp/src.c
/home/lev/StudioProjects/zxing-cpp/release/CMakeFiles/CMakeTmp/src.c:13:3: warning: implicit declaration of function 'pthread_cancel' is invalid in C99 [-Wimplicit-function-declaration]
  pthread_cancel(thread);
  ^
1 warning generated.
Linking C executable cmTC_25c25
/usr/local/bin/cmake -E cmake_link_script CMakeFiles/cmTC_25c25.dir/link.txt --verbose=1
/home/lev/Android/Sdk/ndk-bundle/android-ndk-r21/toolchains/llvm/prebuilt/linux-x86_64/bin/clang --target=x86_64-none-linux-android21 --gcc-toolchain=/home/lev/Android/Sdk/ndk-bundle/android-ndk-r21/toolchains/llvm/prebuilt/linux-x86_64 --sysroot=/home/lev/Android/Sdk/ndk-bundle/android-ndk-r21/toolchains/llvm/prebuilt/linux-x86_64/sysroot -g -DANDROID -fdata-sections -ffunction-sections -funwind-tables -fstack-protector-strong -no-canonical-prefixes -D_FORTIFY_SOURCE=2 -Wformat -Werror=format-security   -Wl,--exclude-libs,libgcc_real.a -Wl,--exclude-libs,libatomic.a -static-libstdc++ -Wl,--build-id -Wl,--fatal-warnings -Wl,--no-undefined -Qunused-arguments -Wl,--gc-sections   CMakeFiles/cmTC_25c25.dir/src.c.o -o cmTC_25c25  -latomic -lm 
src.c:13: error: undefined reference to 'pthread_cancel'
clang: error: linker command failed with exit code 1 (use -v to see invocation)
gmake[1]: *** [CMakeFiles/cmTC_25c25.dir/build.make:100: cmTC_25c25] Error 1
gmake[1]: Leaving directory '/home/lev/StudioProjects/zxing-cpp/release/CMakeFiles/CMakeTmp'
gmake: *** [Makefile:127: cmTC_25c25/fast] Error 2


Source file was:
#include <pthread.h>

static void* test_func(void* data)
{
  return data;
}

int main(void)
{
  pthread_t thread;
  pthread_create(&thread, NULL, test_func, NULL);
  pthread_detach(thread);
  pthread_cancel(thread);
  pthread_join(thread, NULL);
  pthread_atfork(NULL, NULL, NULL);
  pthread_exit(NULL);

  return 0;
}

Performing C++ SOURCE FILE Test COMPILER_NEEDS_FLOAT_STORE failed with the following output:
Change Dir: /home/lev/StudioProjects/zxing-cpp/release/CMakeFiles/CMakeTmp

Run Build Command(s):/usr/bin/gmake -f Makefile cmTC_1db2a/fast && /usr/bin/gmake  -f CMakeFiles/cmTC_1db2a.dir/build.make CMakeFiles/cmTC_1db2a.dir/build
gmake[1]: Entering directory '/home/lev/StudioProjects/zxing-cpp/release/CMakeFiles/CMakeTmp'
Building CXX object CMakeFiles/cmTC_1db2a.dir/src.cxx.o
/home/lev/Android/Sdk/ndk-bundle/android-ndk-r21/toolchains/llvm/prebuilt/linux-x86_64/bin/clang++ --target=x86_64-none-linux-android21 --gcc-toolchain=/home/lev/Android/Sdk/ndk-bundle/android-ndk-r21/toolchains/llvm/prebuilt/linux-x86_64 --sysroot=/home/lev/Android/Sdk/ndk-bundle/android-ndk-r21/toolchains/llvm/prebuilt/linux-x86_64/sysroot -DCOMPILER_NEEDS_FLOAT_STORE  -g -DANDROID -fdata-sections -ffunction-sections -funwind-tables -fstack-protector-strong -no-canonical-prefixes -D_FORTIFY_SOURCE=2 -Wformat -Werror=format-security    -fPIE   -ffloat-store -std=c++17 -MD -MT CMakeFiles/cmTC_1db2a.dir/src.cxx.o -MF CMakeFiles/cmTC_1db2a.dir/src.cxx.o.d -o CMakeFiles/cmTC_1db2a.dir/src.cxx.o -c /home/lev/StudioProjects/zxing-cpp/release/CMakeFiles/CMakeTmp/src.cxx
clang++: warning: optimization flag '-ffloat-store' is not supported [-Wignored-optimization-argument]
Linking CXX executable cmTC_1db2a
/usr/local/bin/cmake -E cmake_link_script CMakeFiles/cmTC_1db2a.dir/link.txt --verbose=1
/home/lev/Android/Sdk/ndk-bundle/android-ndk-r21/toolchains/llvm/prebuilt/linux-x86_64/bin/clang++ --target=x86_64-none-linux-android21 --gcc-toolchain=/home/lev/Android/Sdk/ndk-bundle/android-ndk-r21/toolchains/llvm/prebuilt/linux-x86_64 --sysroot=/home/lev/Android/Sdk/ndk-bundle/android-ndk-r21/toolchains/llvm/prebuilt/linux-x86_64/sysroot -g -DANDROID -fdata-sections -ffunction-sections -funwind-tables -fstack-protector-strong -no-canonical-prefixes -D_FORTIFY_SOURCE=2 -Wformat -Werror=format-security    -Wl,--exclude-libs,libgcc_real.a -Wl,--exclude-libs,libatomic.a -static-libstdc++ -Wl,--build-id -Wl,--fatal-warnings -Wl,--no-undefined -Qunused-arguments -Wl,--gc-sections   CMakeFiles/cmTC_1db2a.dir/src.cxx.o -o cmTC_1db2a  -latomic -lm 
gmake[1]: Leaving directory '/home/lev/StudioProjects/zxing-cpp/release/CMakeFiles/CMakeTmp'


Source file was:
int main() { return 0; }
